Build host: UNIX
========= 12:40:12 /home/travis/build/open-watcom/open-watcom-v2/bld ==========
**** Building the watcom bootstrap
====== 12:40:12 /home/travis/build/open-watcom/open-watcom-v2/bld/watcom ======
= 12:40:12 /home/travis/build/open-watcom/open-watcom-v2/bld/watcom/binbuild ==
cc clibext.obj
lib clibext.lib
mkdir dllobjs
cc dllobjs/clibext.obj
lib clibexts.lib
====== 12:40:12 /home/travis/build/open-watcom/open-watcom-v2/bld/watcom ======
====== 12:40:12 /home/travis/build/open-watcom/open-watcom-v2/bld/watcom ======
**** Building the wcpp bootstrap
======= 12:40:12 /home/travis/build/open-watcom/open-watcom-v2/bld/cpp ========
=== 12:40:12 /home/travis/build/open-watcom/open-watcom-v2/bld/cpp/binbuild ===
cc wcpp.obj
cc preproc.obj
cc ppexpr.obj
cc ppmacro.obj
cc ppmem.obj
cc ppenv.obj
cc pathlist.obj
link wcpp.exe
======= 12:40:13 /home/travis/build/open-watcom/open-watcom-v2/bld/cpp ========
Copying '/home/travis/build/open-watcom/open-watcom-v2/bld/cpp/binbuild/wcpp.exe' to '/home/travis/build/open-watcom/open-watcom-v2/build/bin/wcpp'...
======= 12:40:13 /home/travis/build/open-watcom/open-watcom-v2/bld/cpp ========
**** Building the femisc bootstrap
===== 12:40:13 /home/travis/build/open-watcom/open-watcom-v2/bld/fe_misc ======
= 12:40:13 /home/travis/build/open-watcom/open-watcom-v2/bld/fe_misc/binbuild =
cc optencod.obj
link optencod.exe
cc msgencod.obj
link msgencod.exe
cc findhash.obj
link findhash.exe
===== 12:40:13 /home/travis/build/open-watcom/open-watcom-v2/bld/fe_misc ======
Copying '/home/travis/build/open-watcom/open-watcom-v2/bld/fe_misc/binbuild/optencod.exe' to '/home/travis/build/open-watcom/open-watcom-v2/build/bin/optencod'...
Copying '/home/travis/build/open-watcom/open-watcom-v2/bld/fe_misc/binbuild/msgencod.exe' to '/home/travis/build/open-watcom/open-watcom-v2/build/bin/msgencod'...
Copying '/home/travis/build/open-watcom/open-watcom-v2/bld/fe_misc/binbuild/findhash.exe' to '/home/travis/build/open-watcom/open-watcom-v2/build/bin/findhash'...
===== 12:40:13 /home/travis/build/open-watcom/open-watcom-v2/bld/fe_misc ======
**** Building the orl bootstrap
======= 12:40:13 /home/travis/build/open-watcom/open-watcom-v2/bld/orl ========
=== 12:40:13 /home/travis/build/open-watcom/open-watcom-v2/bld/orl/binbuild ===
cc orlentry.obj
cc orlflhnd.obj
cc orlhash.obj
cc omfload.obj
cc omfmunge.obj
cc omfentr.obj
cc omfflhn.obj
cc omfdrctv.obj
cc elfentr.obj
cc elflwlv.obj
cc elfflhn.obj
cc elfload.obj
cc coffentr.obj
cc cofflwlv.obj
cc coffflhn.obj
cc coffload.obj
cc coffimpl.obj
lib orl.lib
======= 12:40:15 /home/travis/build/open-watcom/open-watcom-v2/bld/orl ========
**** Building the wlib bootstrap
====== 12:40:15 /home/travis/build/open-watcom/open-watcom-v2/bld/nwlib =======
== 12:40:15 /home/travis/build/open-watcom/open-watcom-v2/bld/nwlib/binbuild ==
cpp wlibmsg.gh
awk msg.gh
cpp incltext.gh
cc wlib.obj
cc libio.obj
cc symtable.obj
cc omfproc.obj
cc writelib.obj
cc convert.obj
cc wlibutil.obj
cc libwalk.obj
cc symlist.obj
cc proclib.obj
cc cmdline.obj
cc error.obj
cc implib.obj
cc elfobjs.obj
cc orlrtns.obj
cc memfuncs.obj
cc demangle.obj
cc omfhash.obj
cc omfutil.obj
cc coffwrt.obj
cc inlib.obj
cc idemsgpr.obj
cc ideentry.obj
cc orlentry.obj
cc orlflhnd.obj
cc orlhash.obj
cc omfload.obj
cc omfmunge.obj
cc omfentr.obj
cc omfflhn.obj
cc omfdrctv.obj
cc elfentr.obj
cc elflwlv.obj
cc elfflhn.obj
cc elfload.obj
cc coffentr.obj
cc cofflwlv.obj
cc coffflhn.obj
cc coffload.obj
cc coffimpl.obj
cc maindrv.obj
cc idedrv.obj
cc idemsgfm.obj
link bwlib.exe
====== 12:40:19 /home/travis/build/open-watcom/open-watcom-v2/bld/nwlib =======
Copying '/home/travis/build/open-watcom/open-watcom-v2/bld/nwlib/binbuild/bwlib.exe' to '/home/travis/build/open-watcom/open-watcom-v2/build/bin/bwlib'...
====== 12:40:19 /home/travis/build/open-watcom/open-watcom-v2/bld/nwlib =======
**** Building the yacc bootstrap
======= 12:40:19 /home/travis/build/open-watcom/open-watcom-v2/bld/yacc =======
== 12:40:19 /home/travis/build/open-watcom/open-watcom-v2/bld/yacc/binbuild ===
cc bitsets.obj
cc buildpro.obj
cc default.obj
cc defshift.obj
cc dont_opt.obj
cc elimunit.obj
cc fpopen.obj
cc genfast.obj
cc gensupp.obj
cc gentable.obj
cc getname.obj
cc lalr1.obj
cc lr0.obj
cc parse.obj
cc sentence.obj
cc used.obj
cc yacc.obj
link yacc.exe
======= 12:40:20 /home/travis/build/open-watcom/open-watcom-v2/bld/yacc =======
Copying '/home/travis/build/open-watcom/open-watcom-v2/bld/yacc/binbuild/yacc.exe' to '/home/travis/build/open-watcom/open-watcom-v2/build/bin/yacc'...
======= 12:40:20 /home/travis/build/open-watcom/open-watcom-v2/bld/yacc =======
**** Building the buildutl bootstrap
===== 12:40:20 /home/travis/build/open-watcom/open-watcom-v2/bld/builder ======
= 12:40:20 /home/travis/build/open-watcom/open-watcom-v2/bld/builder/binbuild =
cc sweep.obj
link sweep.exe
cc wsplice.obj
link wsplice.exe
cc comstrip.obj
link comstrip.exe
cc genverrc.obj
link genverrc.exe
cc crlf.obj
link crlf.exe
===== 12:40:21 /home/travis/build/open-watcom/open-watcom-v2/bld/builder ======
Copying '/home/travis/build/open-watcom/open-watcom-v2/bld/builder/binbuild/wsplice.exe' to '/home/travis/build/open-watcom/open-watcom-v2/build/bin/wsplice'...
Copying '/home/travis/build/open-watcom/open-watcom-v2/bld/builder/binbuild/sweep.exe' to '/home/travis/build/open-watcom/open-watcom-v2/build/bin/sweep'...
Copying '/home/travis/build/open-watcom/open-watcom-v2/bld/builder/binbuild/comstrip.exe' to '/home/travis/build/open-watcom/open-watcom-v2/build/bin/comstrip'...
Copying '/home/travis/build/open-watcom/open-watcom-v2/bld/builder/binbuild/genverrc.exe' to '/home/travis/build/open-watcom/open-watcom-v2/build/bin/genverrc'...
Copying '/home/travis/build/open-watcom/open-watcom-v2/bld/builder/binbuild/crlf.exe' to '/home/travis/build/open-watcom/open-watcom-v2/build/bin/crlf'...
===== 12:40:21 /home/travis/build/open-watcom/open-watcom-v2/bld/builder ======
**** Building the wres bootstrap
======= 12:40:21 /home/travis/build/open-watcom/open-watcom-v2/bld/wres =======
== 12:40:21 /home/travis/build/open-watcom/open-watcom-v2/bld/wres/binbuild ===
cc loadfind.obj
cc loadstr.obj
cc mrrdrh.obj
cc ralliae.obj
cc rclosef.obj
cc rduint16.obj
cc rduint32.obj
cc rduint8.obj
cc rdpaddw.obj
/home/travis/build/open-watcom/open-watcom-v2/bld/wres/c/rdpaddw.c:34:1: error: unknown type name 'bool'
bool ResReadPadDWord( WResFileID handle )
^
/home/travis/build/open-watcom/open-watcom-v2/bld/wres/c/rdpaddw.c:34:23: error: unknown type name 'WResFileID'
bool ResReadPadDWord( WResFileID handle )
                      ^
/home/travis/build/open-watcom/open-watcom-v2/bld/wres/c/rdpaddw.c:38:5: error: use of undeclared identifier 'WResFileOffset'
    WResFileOffset  curr_pos;
    ^
/home/travis/build/open-watcom/open-watcom-v2/bld/wres/c/rdpaddw.c:39:5: error: use of undeclared identifier 'WResFileOffset'
    WResFileOffset  padding;
    ^
/home/travis/build/open-watcom/open-watcom-v2/bld/wres/c/rdpaddw.c:40:5: error: use of undeclared identifier 'bool'
    bool            error;
    ^
/home/travis/build/open-watcom/open-watcom-v2/bld/wres/c/rdpaddw.c:42:5: error: use of undeclared identifier 'curr_pos'
    curr_pos = WRESTELL( handle );
    ^
/home/travis/build/open-watcom/open-watcom-v2/bld/wres/c/rdpaddw.c:42:16: warning: implicit declaration of function 'WRESTELL' is invalid in C99 [-Wimplicit-function-declaration]
    curr_pos = WRESTELL( handle );
               ^
/home/travis/build/open-watcom/open-watcom-v2/bld/wres/c/rdpaddw.c:43:9: error: use of undeclared identifier 'curr_pos'
    if( curr_pos == -1 ) {
        ^
/home/travis/build/open-watcom/open-watcom-v2/bld/wres/c/rdpaddw.c:44:9: warning: implicit declaration of function 'WRES_ERROR' is invalid in C99 [-Wimplicit-function-declaration]
        WRES_ERROR( WRS_TELL_FAILED );
        ^
/home/travis/build/open-watcom/open-watcom-v2/bld/wres/c/rdpaddw.c:44:21: error: use of undeclared identifier 'WRS_TELL_FAILED'
        WRES_ERROR( WRS_TELL_FAILED );
                    ^
/home/travis/build/open-watcom/open-watcom-v2/bld/wres/c/rdpaddw.c:45:9: error: use of undeclared identifier 'error'
        error = true;
        ^
/home/travis/build/open-watcom/open-watcom-v2/bld/wres/c/rdpaddw.c:45:17: error: use of undeclared identifier 'true'
        error = true;
                ^
/home/travis/build/open-watcom/open-watcom-v2/bld/wres/c/rdpaddw.c:47:9: error: use of undeclared identifier 'padding'
        padding = RES_PADDING( curr_pos, sizeof( uint_32 ) );
        ^
/home/travis/build/open-watcom/open-watcom-v2/bld/wres/c/rdpaddw.c:47:19: warning: implicit declaration of function 'RES_PADDING' is invalid in C99 [-Wimplicit-function-declaration]
        padding = RES_PADDING( curr_pos, sizeof( uint_32 ) );
                  ^
/home/travis/build/open-watcom/open-watcom-v2/bld/wres/c/rdpaddw.c:47:32: error: use of undeclared identifier 'curr_pos'
        padding = RES_PADDING( curr_pos, sizeof( uint_32 ) );
                               ^
/home/travis/build/open-watcom/open-watcom-v2/bld/wres/c/rdpaddw.c:48:9: error: use of undeclared identifier 'error'
        error = ( WRESSEEK( handle, padding, SEEK_CUR ) == -1 );
        ^
/home/travis/build/open-watcom/open-watcom-v2/bld/wres/c/rdpaddw.c:48:19: warning: implicit declaration of function 'WRESSEEK' is invalid in C99 [-Wimplicit-function-declaration]
        error = ( WRESSEEK( handle, padding, SEEK_CUR ) == -1 );
                  ^
/home/travis/build/open-watcom/open-watcom-v2/bld/wres/c/rdpaddw.c:49:13: error: use of undeclared identifier 'error'
        if( error ) {
            ^
/home/travis/build/open-watcom/open-watcom-v2/bld/wres/c/rdpaddw.c:50:25: error: use of undeclared identifier 'WRS_SEEK_FAILED'
            WRES_ERROR( WRS_SEEK_FAILED );
                        ^
/home/travis/build/open-watcom/open-watcom-v2/bld/wres/c/rdpaddw.c:53:13: error: use of undeclared identifier 'error'
    return( error );
            ^
4 warnings and 16 errors generated.
Error(E42): Last command making (rdpaddw.obj) returned a bad status
Error(E02): Make execution terminated
<wmake -h -f ../binmake bootstrap=1> => non-zero return: 512
Build failed
